D:\ArenaFight\Client\Client\Animating.fx(91,21): warning X3206: 'mul': implicit truncation of vector type
  
  compilation succeeded; see D:\ArenaFight\Client\Client\Debug\Animating.cso
  compilation succeeded; see D:\ArenaFight\Client\Client\Debug\NonAnimating.cso
  stdafx.cpp
d:\arenafight\client\client\directx_sdk_june2010\include\dxgitype.h(12): warning C4005: 'DXGI_STATUS_OCCLUDED': 매크로 재정의
  c:\program files (x86)\windows kits\8.1\include\shared\winerror.h(50092): note: 'DXGI_STATUS_OCCLUDED'의 이전 정의를 참조하십시오.
d:\arenafight\client\client\directx_sdk_june2010\include\dxgitype.h(13): warning C4005: 'DXGI_STATUS_CLIPPED': 매크로 재정의
  c:\program files (x86)\windows kits\8.1\include\shared\winerror.h(50101): note: 'DXGI_STATUS_CLIPPED'의 이전 정의를 참조하십시오.
d:\arenafight\client\client\directx_sdk_june2010\include\dxgitype.h(14): warning C4005: 'DXGI_STATUS_NO_REDIRECTION': 매크로 재정의
  c:\program files (x86)\windows kits\8.1\include\shared\winerror.h(50110): note: 'DXGI_STATUS_NO_REDIRECTION'의 이전 정의를 참조하십시오.
d:\arenafight\client\client\directx_sdk_june2010\include\dxgitype.h(15): warning C4005: 'DXGI_STATUS_NO_DESKTOP_ACCESS': 매크로 재정의
  c:\program files (x86)\windows kits\8.1\include\shared\winerror.h(50119): note: 'DXGI_STATUS_NO_DESKTOP_ACCESS'의 이전 정의를 참조하십시오.
d:\arenafight\client\client\directx_sdk_june2010\include\dxgitype.h(16): warning C4005: 'DXGI_STATUS_GRAPHICS_VIDPN_SOURCE_IN_USE': 매크로 재정의
  c:\program files (x86)\windows kits\8.1\include\shared\winerror.h(50128): note: 'DXGI_STATUS_GRAPHICS_VIDPN_SOURCE_IN_USE'의 이전 정의를 참조하십시오.
d:\arenafight\client\client\directx_sdk_june2010\include\dxgitype.h(17): warning C4005: 'DXGI_STATUS_MODE_CHANGED': 매크로 재정의
  c:\program files (x86)\windows kits\8.1\include\shared\winerror.h(50137): note: 'DXGI_STATUS_MODE_CHANGED'의 이전 정의를 참조하십시오.
d:\arenafight\client\client\directx_sdk_june2010\include\dxgitype.h(18): warning C4005: 'DXGI_STATUS_MODE_CHANGE_IN_PROGRESS': 매크로 재정의
  c:\program files (x86)\windows kits\8.1\include\shared\winerror.h(50146): note: 'DXGI_STATUS_MODE_CHANGE_IN_PROGRESS'의 이전 정의를 참조하십시오.
d:\arenafight\client\client\directx_sdk_june2010\include\dxgitype.h(21): warning C4005: 'DXGI_ERROR_INVALID_CALL': 매크로 재정의
  c:\program files (x86)\windows kits\8.1\include\shared\winerror.h(50161): note: 'DXGI_ERROR_INVALID_CALL'의 이전 정의를 참조하십시오.
d:\arenafight\client\client\directx_sdk_june2010\include\dxgitype.h(22): warning C4005: 'DXGI_ERROR_NOT_FOUND': 매크로 재정의
  c:\program files (x86)\windows kits\8.1\include\shared\winerror.h(50170): note: 'DXGI_ERROR_NOT_FOUND'의 이전 정의를 참조하십시오.
d:\arenafight\client\client\directx_sdk_june2010\include\dxgitype.h(23): warning C4005: 'DXGI_ERROR_MORE_DATA': 매크로 재정의
  c:\program files (x86)\windows kits\8.1\include\shared\winerror.h(50179): note: 'DXGI_ERROR_MORE_DATA'의 이전 정의를 참조하십시오.
d:\arenafight\client\client\directx_sdk_june2010\include\dxgitype.h(24): warning C4005: 'DXGI_ERROR_UNSUPPORTED': 매크로 재정의
  c:\program files (x86)\windows kits\8.1\include\shared\winerror.h(50188): note: 'DXGI_ERROR_UNSUPPORTED'의 이전 정의를 참조하십시오.
d:\arenafight\client\client\directx_sdk_june2010\include\dxgitype.h(25): warning C4005: 'DXGI_ERROR_DEVICE_REMOVED': 매크로 재정의
  c:\program files (x86)\windows kits\8.1\include\shared\winerror.h(50197): note: 'DXGI_ERROR_DEVICE_REMOVED'의 이전 정의를 참조하십시오.
d:\arenafight\client\client\directx_sdk_june2010\include\dxgitype.h(26): warning C4005: 'DXGI_ERROR_DEVICE_HUNG': 매크로 재정의
  c:\program files (x86)\windows kits\8.1\include\shared\winerror.h(50206): note: 'DXGI_ERROR_DEVICE_HUNG'의 이전 정의를 참조하십시오.
d:\arenafight\client\client\directx_sdk_june2010\include\dxgitype.h(27): warning C4005: 'DXGI_ERROR_DEVICE_RESET': 매크로 재정의
  c:\program files (x86)\windows kits\8.1\include\shared\winerror.h(50216): note: 'DXGI_ERROR_DEVICE_RESET'의 이전 정의를 참조하십시오.
d:\arenafight\client\client\directx_sdk_june2010\include\dxgitype.h(28): warning C4005: 'DXGI_ERROR_WAS_STILL_DRAWING': 매크로 재정의
  c:\program files (x86)\windows kits\8.1\include\shared\winerror.h(50225): note: 'DXGI_ERROR_WAS_STILL_DRAWING'의 이전 정의를 참조하십시오.
d:\arenafight\client\client\directx_sdk_june2010\include\dxgitype.h(29): warning C4005: 'DXGI_ERROR_FRAME_STATISTICS_DISJOINT': 매크로 재정의
  c:\program files (x86)\windows kits\8.1\include\shared\winerror.h(50235): note: 'DXGI_ERROR_FRAME_STATISTICS_DISJOINT'의 이전 정의를 참조하십시오.
d:\arenafight\client\client\directx_sdk_june2010\include\dxgitype.h(30): warning C4005: 'DXGI_ERROR_GRAPHICS_VIDPN_SOURCE_IN_USE': 매크로 재정의
  c:\program files (x86)\windows kits\8.1\include\shared\winerror.h(50244): note: 'DXGI_ERROR_GRAPHICS_VIDPN_SOURCE_IN_USE'의 이전 정의를 참조하십시오.
d:\arenafight\client\client\directx_sdk_june2010\include\dxgitype.h(31): warning C4005: 'DXGI_ERROR_DRIVER_INTERNAL_ERROR': 매크로 재정의
  c:\program files (x86)\windows kits\8.1\include\shared\winerror.h(50254): note: 'DXGI_ERROR_DRIVER_INTERNAL_ERROR'의 이전 정의를 참조하십시오.
d:\arenafight\client\client\directx_sdk_june2010\include\dxgitype.h(32): warning C4005: 'DXGI_ERROR_NONEXCLUSIVE': 매크로 재정의
  c:\program files (x86)\windows kits\8.1\include\shared\winerror.h(50263): note: 'DXGI_ERROR_NONEXCLUSIVE'의 이전 정의를 참조하십시오.
d:\arenafight\client\client\directx_sdk_june2010\include\dxgitype.h(33): warning C4005: 'DXGI_ERROR_NOT_CURRENTLY_AVAILABLE': 매크로 재정의
  c:\program files (x86)\windows kits\8.1\include\shared\winerror.h(50272): note: 'DXGI_ERROR_NOT_CURRENTLY_AVAILABLE'의 이전 정의를 참조하십시오.
d:\arenafight\client\client\directx_sdk_june2010\include\dxgitype.h(34): warning C4005: 'DXGI_ERROR_REMOTE_CLIENT_DISCONNECTED': 매크로 재정의
  c:\program files (x86)\windows kits\8.1\include\shared\winerror.h(50282): note: 'DXGI_ERROR_REMOTE_CLIENT_DISCONNECTED'의 이전 정의를 참조하십시오.
d:\arenafight\client\client\directx_sdk_june2010\include\dxgitype.h(35): warning C4005: 'DXGI_ERROR_REMOTE_OUTOFMEMORY': 매크로 재정의
  c:\program files (x86)\windows kits\8.1\include\shared\winerror.h(50291): note: 'DXGI_ERROR_REMOTE_OUTOFMEMORY'의 이전 정의를 참조하십시오.
d:\arenafight\client\client\directx_sdk_june2010\include\d3d11.h(917): warning C4005: 'D3D11_ERROR_TOO_MANY_UNIQUE_STATE_OBJECTS': 매크로 재정의
  c:\program files (x86)\windows kits\8.1\include\shared\winerror.h(50469): note: 'D3D11_ERROR_TOO_MANY_UNIQUE_STATE_OBJECTS'의 이전 정의를 참조하십시오.
d:\arenafight\client\client\directx_sdk_june2010\include\d3d11.h(918): warning C4005: 'D3D11_ERROR_FILE_NOT_FOUND': 매크로 재정의
  c:\program files (x86)\windows kits\8.1\include\shared\winerror.h(50478): note: 'D3D11_ERROR_FILE_NOT_FOUND'의 이전 정의를 참조하십시오.
d:\arenafight\client\client\directx_sdk_june2010\include\d3d11.h(919): warning C4005: 'D3D11_ERROR_TOO_MANY_UNIQUE_VIEW_OBJECTS': 매크로 재정의
  c:\program files (x86)\windows kits\8.1\include\shared\winerror.h(50488): note: 'D3D11_ERROR_TOO_MANY_UNIQUE_VIEW_OBJECTS'의 이전 정의를 참조하십시오.
d:\arenafight\client\client\directx_sdk_june2010\include\d3d11.h(920): warning C4005: 'D3D11_ERROR_DEFERRED_CONTEXT_MAP_WITHOUT_INITIAL_DISCARD': 매크로 재정의
  c:\program files (x86)\windows kits\8.1\include\shared\winerror.h(50497): note: 'D3D11_ERROR_DEFERRED_CONTEXT_MAP_WITHOUT_INITIAL_DISCARD'의 이전 정의를 참조하십시오.
d:\arenafight\client\client\directx_sdk_june2010\include\d3d10.h(608): warning C4005: 'D3D10_ERROR_TOO_MANY_UNIQUE_STATE_OBJECTS': 매크로 재정의
  c:\program files (x86)\windows kits\8.1\include\shared\winerror.h(50445): note: 'D3D10_ERROR_TOO_MANY_UNIQUE_STATE_OBJECTS'의 이전 정의를 참조하십시오.
d:\arenafight\client\client\directx_sdk_june2010\include\d3d10.h(609): warning C4005: 'D3D10_ERROR_FILE_NOT_FOUND': 매크로 재정의
  c:\program files (x86)\windows kits\8.1\include\shared\winerror.h(50454): note: 'D3D10_ERROR_FILE_NOT_FOUND'의 이전 정의를 참조하십시오.
d:\arenafight\client\client\directx_sdk_june2010\include\xnamath.h(2662): warning C4838: 'unsigned int'에서 'INT'(으)로의 변환에는 축소 변환이 필요합니다.
d:\arenafight\client\client\directx_sdk_june2010\include\xnamath.h(2663): warning C4838: 'unsigned int'에서 'INT'(으)로의 변환에는 축소 변환이 필요합니다.
d:\arenafight\client\client\directx_sdk_june2010\include\xnamath.h(2664): warning C4838: 'unsigned int'에서 'INT'(으)로의 변환에는 축소 변환이 필요합니다.
d:\arenafight\client\client\directx_sdk_june2010\include\xnamath.h(2665): warning C4838: 'unsigned int'에서 'INT'(으)로의 변환에는 축소 변환이 필요합니다.
d:\arenafight\client\client\directx_sdk_june2010\include\xnamath.h(2666): warning C4838: 'unsigned int'에서 'INT'(으)로의 변환에는 축소 변환이 필요합니다.
d:\arenafight\client\client\directx_sdk_june2010\include\xnamath.h(2667): warning C4838: 'unsigned int'에서 'INT'(으)로의 변환에는 축소 변환이 필요합니다.
d:\arenafight\client\client\directx_sdk_june2010\include\xnamath.h(2668): warning C4838: 'unsigned int'에서 'INT'(으)로의 변환에는 축소 변환이 필요합니다.
d:\arenafight\client\client\directx_sdk_june2010\include\xnamath.h(2689): warning C4838: 'unsigned int'에서 'INT'(으)로의 변환에는 축소 변환이 필요합니다.
d:\arenafight\client\client\directx_sdk_june2010\include\xnamath.h(2690): warning C4838: 'unsigned int'에서 'INT'(으)로의 변환에는 축소 변환이 필요합니다.
d:\arenafight\client\client\directx_sdk_june2010\include\xnamath.h(2691): warning C4838: 'unsigned int'에서 'INT'(으)로의 변환에는 축소 변환이 필요합니다.
d:\arenafight\client\client\directx_sdk_june2010\include\xnamath.h(2694): warning C4838: 'unsigned int'에서 'INT'(으)로의 변환에는 축소 변환이 필요합니다.
d:\arenafight\client\client\directx_sdk_june2010\include\xnamath.h(2695): warning C4838: 'unsigned int'에서 'INT'(으)로의 변환에는 축소 변환이 필요합니다.
d:\arenafight\client\client\directx_sdk_june2010\include\xnamath.h(2698): warning C4838: 'unsigned int'에서 'INT'(으)로의 변환에는 축소 변환이 필요합니다.
d:\arenafight\client\client\directx_sdk_june2010\include\xnamath.h(2702): warning C4838: 'unsigned int'에서 'INT'(으)로의 변환에는 축소 변환이 필요합니다.
d:\arenafight\client\client\directx_sdk_june2010\include\xnamath.h(2712): warning C4838: 'unsigned int'에서 'INT'(으)로의 변환에는 축소 변환이 필요합니다.
d:\arenafight\client\client\directx_sdk_june2010\include\xnamath.h(2713): warning C4838: 'unsigned int'에서 'INT'(으)로의 변환에는 축소 변환이 필요합니다.
d:\arenafight\client\client\directx_sdk_june2010\include\xnamath.h(2715): warning C4838: 'unsigned int'에서 'INT'(으)로의 변환에는 축소 변환이 필요합니다.
d:\arenafight\client\client\directx_sdk_june2010\include\xnamath.h(2716): warning C4838: 'unsigned int'에서 'INT'(으)로의 변환에는 축소 변환이 필요합니다.
d:\arenafight\client\client\directx_sdk_june2010\include\xnamath.h(2717): warning C4838: 'unsigned int'에서 'INT'(으)로의 변환에는 축소 변환이 필요합니다.
d:\arenafight\client\client\directx_sdk_june2010\include\xnamath.h(2727): warning C4838: 'unsigned int'에서 'INT'(으)로의 변환에는 축소 변환이 필요합니다.
d:\arenafight\client\client\directx_sdk_june2010\include\xnamath.h(2728): warning C4838: 'unsigned int'에서 'INT'(으)로의 변환에는 축소 변환이 필요합니다.
d:\arenafight\client\client\directx_sdk_june2010\include\xnamath.h(2729): warning C4838: 'unsigned int'에서 'INT'(으)로의 변환에는 축소 변환이 필요합니다.
d:\arenafight\client\client\directx_sdk_june2010\include\xnamath.h(2730): warning C4838: 'unsigned int'에서 'INT'(으)로의 변환에는 축소 변환이 필요합니다.
d:\arenafight\client\client\directx_sdk_june2010\include\xnamath.h(2731): warning C4838: 'unsigned int'에서 'INT'(으)로의 변환에는 축소 변환이 필요합니다.
d:\arenafight\client\client\directx_sdk_june2010\include\xnamath.h(2732): warning C4838: 'unsigned int'에서 'INT'(으)로의 변환에는 축소 변환이 필요합니다.
d:\arenafight\client\client\directx_sdk_june2010\include\xnamath.h(2742): warning C4838: 'unsigned int'에서 'INT'(으)로의 변환에는 축소 변환이 필요합니다.
d:\arenafight\client\client\directx_sdk_june2010\include\xnamath.h(2743): warning C4838: 'unsigned int'에서 'INT'(으)로의 변환에는 축소 변환이 필요합니다.
d:\arenafight\client\client\directx_sdk_june2010\include\xnamath.h(2754): warning C4838: 'unsigned int'에서 'INT'(으)로의 변환에는 축소 변환이 필요합니다.
d:\arenafight\client\client\directx_sdk_june2010\include\xnamathconvert.inl(2254): warning C4838: 'unsigned int'에서 'INT'(으)로의 변환에는 축소 변환이 필요합니다.
d:\arenafight\client\client\directx_sdk_june2010\include\xnamathconvert.inl(4523): warning C4838: 'unsigned int'에서 'INT'(으)로의 변환에는 축소 변환이 필요합니다.
d:\arenafight\client\client\directx_sdk_june2010\include\xnamathconvert.inl(4577): warning C4838: 'unsigned int'에서 'INT'(으)로의 변환에는 축소 변환이 필요합니다.
d:\arenafight\client\client\directx_sdk_june2010\include\xnamathconvert.inl(4639): warning C4838: 'unsigned int'에서 'INT'(으)로의 변환에는 축소 변환이 필요합니다.
d:\arenafight\client\client\directx_sdk_june2010\include\xnamathconvert.inl(4707): warning C4838: 'unsigned int'에서 'INT'(으)로의 변환에는 축소 변환이 필요합니다.
d:\arenafight\client\client\directx_sdk_june2010\include\xnamathconvert.inl(4770): warning C4838: 'unsigned int'에서 'INT'(으)로의 변환에는 축소 변환이 필요합니다.
d:\arenafight\client\client\directx_sdk_june2010\include\xnamathconvert.inl(4832): warning C4838: 'unsigned int'에서 'INT'(으)로의 변환에는 축소 변환이 필요합니다.
d:\arenafight\client\client\directx_sdk_june2010\include\xnamathvector.inl(1269): warning C4838: 'unsigned int'에서 'INT'(으)로의 변환에는 축소 변환이 필요합니다.
d:\arenafight\client\client\directx_sdk_june2010\include\xnamathmisc.inl(518): warning C4838: 'unsigned int'에서 'INT'(으)로의 변환에는 축소 변환이 필요합니다.
d:\arenafight\client\client\directx_sdk_june2010\include\xnamathmisc.inl(519): warning C4838: 'unsigned int'에서 'INT'(으)로의 변환에는 축소 변환이 필요합니다.
  Vertex.cpp
  Timer.cpp
  Shader.cpp
  Scene.cpp
d:\arenafight\client\client\scene.cpp(311): warning C4244: '인수': 'int'에서 'FLOAT'(으)로 변환하면서 데이터가 손실될 수 있습니다.
d:\arenafight\client\client\scene.cpp(313): warning C4244: '인수': 'int'에서 'FLOAT'(으)로 변환하면서 데이터가 손실될 수 있습니다.
  ResourceManager.cpp
d:\arenafight\client\client\resourcemanager.cpp(110): warning C4305: '인수': 'double'에서 'FLOAT'(으)로 잘립니다.
  Unit.cpp
d:\arenafight\client\client\unit.cpp(50): warning C4244: '=': 'double'에서 'float'(으)로 변환하면서 데이터가 손실될 수 있습니다.
d:\arenafight\client\client\unit.cpp(83): warning C4244: '=': 'double'에서 'float'(으)로 변환하면서 데이터가 손실될 수 있습니다.
  ObjectManager.cpp
d:\arenafight\client\client\objectmanager.cpp(42): warning C4244: '인수': 'int'에서 'const float'(으)로 변환하면서 데이터가 손실될 수 있습니다.
d:\arenafight\client\client\objectmanager.cpp(43): warning C4244: '인수': 'int'에서 'const float'(으)로 변환하면서 데이터가 손실될 수 있습니다.
d:\arenafight\client\client\objectmanager.cpp(125): warning C4018: '<': signed 또는 unsigned가 일치하지 않습니다.
  Object.cpp
d:\arenafight\client\client\object.cpp(95): warning C4244: '=': 'float'에서 '__int64'(으)로 변환하면서 데이터가 손실될 수 있습니다.
d:\arenafight\client\client\object.cpp(684): warning C4244: '=': 'float'에서 '__int64'(으)로 변환하면서 데이터가 손실될 수 있습니다.
  Network.cpp
  Mesh.cpp
d:\arenafight\client\client\mesh.cpp(24): warning C4244: '=': 'float'에서 '__int64'(으)로 변환하면서 데이터가 손실될 수 있습니다.
d:\arenafight\client\client\mesh.cpp(270): warning C4018: '<': signed 또는 unsigned가 일치하지 않습니다.
  Light.cpp
  GameClient.cpp
d:\arenafight\client\client\gameclient.cpp(147): warning C4101: 'hdc' :참조되지 않은 지역 변수입니다.
d:\arenafight\client\client\gameclient.cpp(146): warning C4101: 'ps' :참조되지 않은 지역 변수입니다.
d:\arenafight\client\client\gameclient.cpp(145): warning C4101: 'wmEvent' :참조되지 않은 지역 변수입니다.
d:\arenafight\client\client\gameclient.cpp(145): warning C4101: 'wmId' :참조되지 않은 지역 변수입니다.
  GameFramework.cpp
  Fog.cpp
  Fbx.cpp
d:\arenafight\client\client\fbx.cpp(170): warning C4244: '초기화 중': '__int64'에서 'unsigned int'(으)로 변환하면서 데이터가 손실될 수 있습니다.
  Camera.cpp
d:\arenafight\client\client\camera.cpp(145): warning C4244: '=': 'double'에서 'float'(으)로 변환하면서 데이터가 손실될 수 있습니다.
d:\arenafight\client\client\camera.cpp(147): warning C4244: '=': 'double'에서 'float'(으)로 변환하면서 데이터가 손실될 수 있습니다.
  코드를 생성하고 있습니다...
d:\arenafight\client\client\object.cpp(230): warning C4172: 지역 변수 또는 임시: mtxRotate의 주소를 반환하고 있습니다.
d:\arenafight\client\client\object.cpp(241): warning C4172: 지역 변수 또는 임시: d3dxvLookAt의 주소를 반환하고 있습니다.
d:\arenafight\client\client\object.cpp(235): warning C4172: 지역 변수 또는 임시의 주소를 반환하고 있습니다.
d:\arenafight\client\client\object.cpp(296): warning C4172: 지역 변수 또는 임시의 주소를 반환하고 있습니다.
d:\arenafight\client\client\object.cpp(303): warning C4172: 지역 변수 또는 임시: d3dxvRight의 주소를 반환하고 있습니다.
d:\arenafight\client\client\object.cpp(310): warning C4172: 지역 변수 또는 임시: d3dxvUp의 주소를 반환하고 있습니다.
d:\arenafight\client\client\object.cpp(317): warning C4172: 지역 변수 또는 임시: d3dxvLookAt의 주소를 반환하고 있습니다.
d:\arenafight\client\client\object.cpp(342): warning C4172: 지역 변수 또는 임시: mtxRotate의 주소를 반환하고 있습니다.
d:\arenafight\client\client\unit.cpp(143): warning C4172: 지역 변수 또는 임시의 주소를 반환하고 있습니다.
  LabProject09.vcxproj -> D:\ArenaFight\Client\Client\Debug\GameClient.exe
